ERROR:root:division by zero
Traceback (most recent call last):
  File "C:/Users/litao/PycharmProjects/HeadToFirst/JournalGO.py", line 841, in <module>
    10 / 0
ZeroDivisionError: division by zero
ERROR:root:division by zero
Traceback (most recent call last):
  File "C:/Users/litao/PycharmProjects/HeadToFirst/JournalGO.py", line 841, in <module>
    10 / 0
ZeroDivisionError: division by zero
2018-04-12 14:46:58 PM -root-ERROR-JournalGO:division by zero
Traceback (most recent call last):
  File "C:/Users/litao/PycharmProjects/HeadToFirst/JournalGO.py", line 844, in <module>
    10 / 0
ZeroDivisionError: division by zero
2018-04-12 14:47:11 PM -root-INFO-JournalGO:division by zero
2018-04-12 14:50:56 PM -root-INFO-JournalGO:division by zero
2018-04-12 14:51:12 PM -root-ERROR-JournalGO:division by zero
Traceback (most recent call last):
  File "C:/Users/litao/PycharmProjects/HeadToFirst/JournalGO.py", line 844, in <module>
    10 / 0
ZeroDivisionError: division by zero
2018-04-12 14:51:29 PM -root-ERROR-JournalGO:division by zero
Traceback (most recent call last):
  File "C:/Users/litao/PycharmProjects/HeadToFirst/JournalGO.py", line 844, in <module>
    10 / 0
ZeroDivisionError: division by zero
2018-04-12 15:25:25 PM -root-ERROR-JournalGO:division by zero
Traceback (most recent call last):
  File "C:/Users/litao/PycharmProjects/HeadToFirst/JournalGO.py", line 844, in <module>
    10 / 0
ZeroDivisionError: division by zero
2018-04-12 15:26:08 PM -root-ERROR-JournalGO:division by zero
Traceback (most recent call last):
  File "C:/Users/litao/PycharmProjects/HeadToFirst/JournalGO.py", line 844, in <module>
    10 / 0
ZeroDivisionError: division by zero
2018-04-12 15:26:17 PM -root-ERROR-JournalGO:division by zero
Traceback (most recent call last):
  File "C:/Users/litao/PycharmProjects/HeadToFirst/JournalGO.py", line 844, in <module>
    10 / 0
ZeroDivisionError: division by zero
2018-04-12 15:26:33 PM -root-ERROR-JournalGO:division by zero
Traceback (most recent call last):
  File "C:/Users/litao/PycharmProjects/HeadToFirst/JournalGO.py", line 844, in <module>
    10 / 0
ZeroDivisionError: division by zero
2018-04-12 15:38:39 PM -root-ERROR-JournalGO:division by zero
Traceback (most recent call last):
  File "C:/Users/litao/PycharmProjects/HeadToFirst/JournalGO.py", line 844, in <module>
    10 / 0
ZeroDivisionError: division by zero
2018-04-12 15:38:51 PM -root-ERROR-JournalGO:division by zero
Traceback (most recent call last):
  File "C:/Users/litao/PycharmProjects/HeadToFirst/JournalGO.py", line 844, in <module>
    10 / 0
ZeroDivisionError: division by zero
2018-04-12 15:48:46 PM -root-ERROR-JournalGO:division by zero
Traceback (most recent call last):
  File "C:/Users/litao/PycharmProjects/HeadToFirst/JournalGO.py", line 844, in <module>
    10 / 0
ZeroDivisionError: division by zero
2018-04-12 15:48:56 PM -root-ERROR-JournalGO:division by zero
Traceback (most recent call last):
  File "C:/Users/litao/PycharmProjects/HeadToFirst/JournalGO.py", line 844, in <module>
    10 / 0
ZeroDivisionError: division by zero
2018-04-12 15:49:04 PM -root-ERROR-JournalGO:division by zero
Traceback (most recent call last):
  File "C:/Users/litao/PycharmProjects/HeadToFirst/JournalGO.py", line 844, in <module>
    10 / 0
ZeroDivisionError: division by zero
2018-04-12 15:49:20 PM -root-ERROR-JournalGO:division by zero
Traceback (most recent call last):
  File "C:/Users/litao/PycharmProjects/HeadToFirst/JournalGO.py", line 844, in <module>
    10 / 0
ZeroDivisionError: division by zero
2018-04-12 15:49:45 PM -root-ERROR-JournalGO:division by zero
Traceback (most recent call last):
  File "C:/Users/litao/PycharmProjects/HeadToFirst/JournalGO.py", line 844, in <module>
    10 / 0
ZeroDivisionError: division by zero
2018-04-12 15:50:07 PM -root-ERROR-JournalGO:division by zero
Traceback (most recent call last):
  File "C:/Users/litao/PycharmProjects/HeadToFirst/JournalGO.py", line 844, in <module>
    10 / 0
ZeroDivisionError: division by zero
2018-04-12 16:14:24 PM -root-ERROR-JournalGO:division by zero
Traceback (most recent call last):
  File "C:/Users/litao/PycharmProjects/HeadToFirst/JournalGO.py", line 844, in <module>
    10 / 0
ZeroDivisionError: division by zero
2018-04-12 19:05:03 PM -root-ERROR-JournalGO:division by zero
Traceback (most recent call last):
  File "C:/Users/litao/PycharmProjects/HeadToFirst/JournalGO.py", line 844, in <module>
    10 / 0
ZeroDivisionError: division by zero
2018-04-12 19:05:19 PM -root-ERROR-JournalGO:division by zero
Traceback (most recent call last):
  File "C:/Users/litao/PycharmProjects/HeadToFirst/JournalGO.py", line 844, in <module>
    10 / 0
ZeroDivisionError: division by zero
2018-04-12 19:05:38 PM -root-ERROR-JournalGO:division by zero
Traceback (most recent call last):
  File "C:/Users/litao/PycharmProjects/HeadToFirst/JournalGO.py", line 844, in <module>
    10 / 0
ZeroDivisionError: division by zero
2018-04-12 19:05:59 PM -root-ERROR-JournalGO:division by zero
Traceback (most recent call last):
  File "C:/Users/litao/PycharmProjects/HeadToFirst/JournalGO.py", line 844, in <module>
    10 / 0
ZeroDivisionError: division by zero
2018-04-12 19:06:24 PM -root-ERROR-JournalGO:division by zero
Traceback (most recent call last):
  File "C:/Users/litao/PycharmProjects/HeadToFirst/JournalGO.py", line 844, in <module>
    10 / 0
ZeroDivisionError: division by zero
2018-04-13 10:41:54 AM -root-ERROR-JournalGO:division by zero
Traceback (most recent call last):
  File "C:/Users/litao/PycharmProjects/HeadToFirst/JournalGO.py", line 844, in <module>
    10 / 0
ZeroDivisionError: division by zero
2018-04-13 10:42:10 AM -root-ERROR-JournalGO:division by zero
Traceback (most recent call last):
  File "C:/Users/litao/PycharmProjects/HeadToFirst/JournalGO.py", line 844, in <module>
    10 / 0
ZeroDivisionError: division by zero
2018-04-13 10:42:42 AM -root-ERROR-JournalGO:division by zero
Traceback (most recent call last):
  File "C:/Users/litao/PycharmProjects/HeadToFirst/JournalGO.py", line 844, in <module>
    10 / 0
ZeroDivisionError: division by zero
2018-04-13 10:43:24 AM -root-ERROR-JournalGO:division by zero
Traceback (most recent call last):
  File "C:/Users/litao/PycharmProjects/HeadToFirst/JournalGO.py", line 844, in <module>
    10 / 0
ZeroDivisionError: division by zero
2018-04-13 10:43:28 AM -root-ERROR-JournalGO:division by zero
Traceback (most recent call last):
  File "C:/Users/litao/PycharmProjects/HeadToFirst/JournalGO.py", line 844, in <module>
    10 / 0
ZeroDivisionError: division by zero
2018-04-13 10:43:47 AM -root-ERROR-JournalGO:division by zero
Traceback (most recent call last):
  File "C:/Users/litao/PycharmProjects/HeadToFirst/JournalGO.py", line 844, in <module>
    10 / 0
ZeroDivisionError: division by zero
2018-04-13 10:44:36 AM -root-ERROR-JournalGO:division by zero
Traceback (most recent call last):
  File "C:/Users/litao/PycharmProjects/HeadToFirst/JournalGO.py", line 844, in <module>
    10 / 0
ZeroDivisionError: division by zero
2018-04-13 10:48:20 AM -root-ERROR-JournalGO:division by zero
Traceback (most recent call last):
  File "C:/Users/litao/PycharmProjects/HeadToFirst/JournalGO.py", line 844, in <module>
    10 / 0
ZeroDivisionError: division by zero
2018-04-13 10:48:29 AM -root-ERROR-JournalGO:division by zero
Traceback (most recent call last):
  File "C:/Users/litao/PycharmProjects/HeadToFirst/JournalGO.py", line 844, in <module>
    10 / 0
ZeroDivisionError: division by zero
2018-04-13 10:48:46 AM -root-ERROR-JournalGO:division by zero
Traceback (most recent call last):
  File "C:/Users/litao/PycharmProjects/HeadToFirst/JournalGO.py", line 844, in <module>
    10 / 0
ZeroDivisionError: division by zero
2018-04-13 10:50:05 AM -root-ERROR-JournalGO:division by zero
Traceback (most recent call last):
  File "C:/Users/litao/PycharmProjects/HeadToFirst/JournalGO.py", line 844, in <module>
    10 / 0
ZeroDivisionError: division by zero
2018-04-13 10:50:22 AM -root-ERROR-JournalGO:division by zero
Traceback (most recent call last):
  File "C:/Users/litao/PycharmProjects/HeadToFirst/JournalGO.py", line 844, in <module>
    10 / 0
ZeroDivisionError: division by zero
2018-04-13 10:50:54 AM -root-ERROR-JournalGO:division by zero
Traceback (most recent call last):
  File "C:/Users/litao/PycharmProjects/HeadToFirst/JournalGO.py", line 844, in <module>
    10 / 0
ZeroDivisionError: division by zero
2018-04-13 10:51:52 AM -root-ERROR-JournalGO:division by zero
Traceback (most recent call last):
  File "C:/Users/litao/PycharmProjects/HeadToFirst/JournalGO.py", line 844, in <module>
    10 / 0
ZeroDivisionError: division by zero
2018-04-13 10:52:05 AM -root-ERROR-JournalGO:division by zero
Traceback (most recent call last):
  File "C:/Users/litao/PycharmProjects/HeadToFirst/JournalGO.py", line 844, in <module>
    10 / 0
ZeroDivisionError: division by zero
2018-04-13 10:56:31 AM -root-ERROR-JournalGO:division by zero
Traceback (most recent call last):
  File "C:/Users/litao/PycharmProjects/HeadToFirst/JournalGO.py", line 844, in <module>
    10 / 0
ZeroDivisionError: division by zero
2018-04-13 10:56:46 AM -root-ERROR-JournalGO:division by zero
Traceback (most recent call last):
  File "C:/Users/litao/PycharmProjects/HeadToFirst/JournalGO.py", line 844, in <module>
    10 / 0
ZeroDivisionError: division by zero
2018-04-13 11:11:54 AM -root-ERROR-JournalGO:division by zero
Traceback (most recent call last):
  File "C:/Users/litao/PycharmProjects/HeadToFirst/JournalGO.py", line 844, in <module>
    10 / 0
ZeroDivisionError: division by zero
2018-04-13 11:23:20 AM -root-ERROR-JournalGO:division by zero
Traceback (most recent call last):
  File "C:/Users/litao/PycharmProjects/HeadToFirst/JournalGO.py", line 844, in <module>
    10 / 0
ZeroDivisionError: division by zero
2018-04-13 11:23:41 AM -root-ERROR-JournalGO:division by zero
Traceback (most recent call last):
  File "C:/Users/litao/PycharmProjects/HeadToFirst/JournalGO.py", line 844, in <module>
    10 / 0
ZeroDivisionError: division by zero
2018-04-13 13:56:49 PM -root-ERROR-JournalGO:division by zero
Traceback (most recent call last):
  File "C:/Users/litao/PycharmProjects/HeadToFirst/JournalGO.py", line 844, in <module>
    10 / 0
ZeroDivisionError: division by zero

2018-04-13 13:56:49 PM2018-04-13 14:05:24 PM -root-ERROR-JournalGO:division by zero
Traceback (most recent call last):
  File "C:/Users/litao/PycharmProjects/HeadToFirst/JournalGO.py", line 844, in <module>
    10 / 0
ZeroDivisionError: division by zero
2018-04-13 14:05:24 PM2018-04-13 14:14:08 PM -root-ERROR-JournalGO:division by zero
Traceback (most recent call last):
  File "C:/Users/litao/PycharmProjects/HeadToFirst/JournalGO.py", line 844, in <module>
    10 / 0
ZeroDivisionError: division by zero

2018-04-13 14:14:08 PM2018-04-13 14:14:24 PM -root-ERROR-JournalGO:division by zero
Traceback (most recent call last):
  File "C:/Users/litao/PycharmProjects/HeadToFirst/JournalGO.py", line 844, in <module>
    10 / 0
ZeroDivisionError: division by zero

2018-04-13 14:14:24 PM2018-04-13 14:14:35 PM -root-ERROR-JournalGO:division by zero
Traceback (most recent call last):
  File "C:/Users/litao/PycharmProjects/HeadToFirst/JournalGO.py", line 844, in <module>
    10 / 0
ZeroDivisionError: division by zero
2018-04-13 14:14:35 PM2018-04-13 14:17:47 PM -root-ERROR-JournalGO:division by zero
Traceback (most recent call last):
  File "C:/Users/litao/PycharmProjects/HeadToFirst/JournalGO.py", line 844, in <module>
    10 / 0
ZeroDivisionError: division by zero
2018-04-13 14:17:47 PM2018-04-13 14:27:42 PM -root-ERROR-JournalGO:division by zero
Traceback (most recent call last):
  File "C:/Users/litao/PycharmProjects/HeadToFirst/JournalGO.py", line 844, in <module>
    10 / 0
ZeroDivisionError: division by zero
2018-04-13 14:27:42 PM2018-04-13 14:39:31 PM -root-ERROR-JournalGO:division by zero
Traceback (most recent call last):
  File "C:/Users/litao/PycharmProjects/HeadToFirst/JournalGO.py", line 844, in <module>
    10 / 0
ZeroDivisionError: division by zero
2018-04-13 14:39:31 PM2018-04-13 14:39:43 PM -root-ERROR-JournalGO:division by zero
Traceback (most recent call last):
  File "C:/Users/litao/PycharmProjects/HeadToFirst/JournalGO.py", line 844, in <module>
    10 / 0
ZeroDivisionError: division by zero
2018-04-13 14:39:43 PM2018-04-13 14:52:05 PM -root-ERROR-JournalGO:division by zero
Traceback (most recent call last):
  File "C:/Users/litao/PycharmProjects/HeadToFirst/JournalGO.py", line 844, in <module>
    10 / 0
ZeroDivisionError: division by zero
2018-04-13 14:52:05 PM2018-04-13 14:52:28 PM -root-ERROR-JournalGO:division by zero
Traceback (most recent call last):
  File "C:/Users/litao/PycharmProjects/HeadToFirst/JournalGO.py", line 844, in <module>
    10 / 0
ZeroDivisionError: division by zero
2018-04-13 14:52:28 PM2018-04-13 14:52:45 PM -root-ERROR-JournalGO:division by zero
Traceback (most recent call last):
  File "C:/Users/litao/PycharmProjects/HeadToFirst/JournalGO.py", line 844, in <module>
    10 / 0
ZeroDivisionError: division by zero
2018-04-13 14:52:45 PM2018-04-13 14:53:43 PM -root-ERROR-JournalGO:division by zero
Traceback (most recent call last):
  File "C:/Users/litao/PycharmProjects/HeadToFirst/JournalGO.py", line 844, in <module>
    10 / 0
ZeroDivisionError: division by zero
2018-04-13 14:53:43 PM2018-04-13 14:54:34 PM -root-ERROR-JournalGO:division by zero
Traceback (most recent call last):
  File "C:/Users/litao/PycharmProjects/HeadToFirst/JournalGO.py", line 844, in <module>
    10 / 0
ZeroDivisionError: division by zero
2018-04-13 14:54:34 PM2018-04-13 15:02:15 PM -root-ERROR-JournalGO:division by zero
Traceback (most recent call last):
  File "C:/Users/litao/PycharmProjects/HeadToFirst/JournalGO.py", line 844, in <module>
    10 / 0
ZeroDivisionError: division by zero
2018-04-13 15:02:15 PM2018-04-13 15:02:32 PM -root-ERROR-JournalGO:division by zero
Traceback (most recent call last):
  File "C:/Users/litao/PycharmProjects/HeadToFirst/JournalGO.py", line 844, in <module>
    10 / 0
ZeroDivisionError: division by zero
2018-04-13 15:02:32 PM2018-04-13 15:13:26 PM -root-ERROR-JournalGO:division by zero
Traceback (most recent call last):
  File "C:/Users/litao/PycharmProjects/HeadToFirst/JournalGO.py", line 844, in <module>
    10 / 0
ZeroDivisionError: division by zero
2018-04-13 15:13:26 PM2018-04-13 15:14:01 PM -root-ERROR-JournalGO:division by zero
Traceback (most recent call last):
  File "C:/Users/litao/PycharmProjects/HeadToFirst/JournalGO.py", line 844, in <module>
    10 / 0
ZeroDivisionError: division by zero
2018-04-13 15:14:01 PM2018-04-13 15:19:20 PM -root-ERROR-JournalGO:division by zero
Traceback (most recent call last):
  File "C:/Users/litao/PycharmProjects/HeadToFirst/JournalGO.py", line 844, in <module>
    10 / 0
ZeroDivisionError: division by zero
2018-04-13 15:19:20 PM2018-04-13 15:24:54 PM -root-ERROR-JournalGO:division by zero
Traceback (most recent call last):
  File "C:/Users/litao/PycharmProjects/HeadToFirst/JournalGO.py", line 844, in <module>
    10 / 0
ZeroDivisionError: division by zero
2018-04-13 15:24:54 PM2018-04-13 15:31:31 PM -root-ERROR-JournalGO:division by zero
Traceback (most recent call last):
  File "C:/Users/litao/PycharmProjects/HeadToFirst/JournalGO.py", line 844, in <module>
    10 / 0
ZeroDivisionError: division by zero
2018-04-13 15:31:31 PM2018-04-13 15:32:29 PM -root-ERROR-JournalGO:division by zero
Traceback (most recent call last):
  File "C:/Users/litao/PycharmProjects/HeadToFirst/JournalGO.py", line 844, in <module>
    10 / 0
ZeroDivisionError: division by zero
2018-04-13 15:32:29 PM2018-04-13 15:32:39 PM -root-ERROR-JournalGO:division by zero
Traceback (most recent call last):
  File "C:/Users/litao/PycharmProjects/HeadToFirst/JournalGO.py", line 844, in <module>
    10 / 0
ZeroDivisionError: division by zero
2018-04-13 15:32:39 PM2018-04-13 16:07:51 PM -root-ERROR-JournalGO:division by zero
Traceback (most recent call last):
  File "C:/Users/litao/PycharmProjects/HeadToFirst/JournalGO.py", line 844, in <module>
    10 / 0
ZeroDivisionError: division by zero
2018-04-13 16:07:51 PM2018-04-13 16:08:22 PM -root-ERROR-JournalGO:division by zero
Traceback (most recent call last):
  File "C:/Users/litao/PycharmProjects/HeadToFirst/JournalGO.py", line 844, in <module>
    10 / 0
ZeroDivisionError: division by zero
2018-04-13 16:08:22 PM2018-04-13 16:08:40 PM -root-ERROR-JournalGO:division by zero
Traceback (most recent call last):
  File "C:/Users/litao/PycharmProjects/HeadToFirst/JournalGO.py", line 844, in <module>
    10 / 0
ZeroDivisionError: division by zero
2018-04-13 16:08:56 PM -root-ERROR-JournalGO:division by zero
Traceback (most recent call last):
  File "C:/Users/litao/PycharmProjects/HeadToFirst/JournalGO.py", line 844, in <module>
    10 / 0
ZeroDivisionError: division by zero
2018-04-13 16:09:13 PM -root-ERROR-JournalGO:division by zero
Traceback (most recent call last):
  File "C:/Users/litao/PycharmProjects/HeadToFirst/JournalGO.py", line 844, in <module>
    10 / 0
ZeroDivisionError: division by zero
2018-04-13 16:11:04 PM -root-ERROR-JournalGO:division by zero
Traceback (most recent call last):
  File "C:/Users/litao/PycharmProjects/HeadToFirst/JournalGO.py", line 846, in <module>
    10 / 0
ZeroDivisionError: division by zero
2018-04-13 16:11:04 PM2018-04-13 16:21:07 PM -root-ERROR-JournalGO:division by zero
Traceback (most recent call last):
  File "C:/Users/litao/PycharmProjects/HeadToFirst/JournalGO.py", line 845, in <module>
    10 / 0
ZeroDivisionError: division by zero
2018-04-13 16:21:07 PM2018-04-13 16:21:19 PM -root-ERROR-JournalGO:division by zero
Traceback (most recent call last):
  File "C:/Users/litao/PycharmProjects/HeadToFirst/JournalGO.py", line 845, in <module>
    10 / 0
ZeroDivisionError: division by zero
2018-04-13 16:21:19 PM2018-04-13 16:21:43 PM -root-ERROR-JournalGO:division by zero
Traceback (most recent call last):
  File "C:/Users/litao/PycharmProjects/HeadToFirst/JournalGO.py", line 845, in <module>
    10 / 0
ZeroDivisionError: division by zero
2018-04-13 16:21:43 PM2018-04-13 16:29:20 PM -root-ERROR-JournalGO:division by zero
Traceback (most recent call last):
  File "C:/Users/litao/PycharmProjects/HeadToFirst/JournalGO.py", line 845, in <module>
    10 / 0
ZeroDivisionError: division by zero
2018-04-13 16:29:20 PM2018-04-13 16:29:40 PM -root-ERROR-JournalGO:division by zero
Traceback (most recent call last):
  File "C:/Users/litao/PycharmProjects/HeadToFirst/JournalGO.py", line 845, in <module>
    10 / 0
ZeroDivisionError: division by zero
2018-04-13 16:29:40 PM2018-04-13 16:29:46 PM -root-ERROR-JournalGO:division by zero
Traceback (most recent call last):
  File "C:/Users/litao/PycharmProjects/HeadToFirst/JournalGO.py", line 845, in <module>
    10 / 0
ZeroDivisionError: division by zero
2018-04-13 16:29:46 PM2018-04-13 16:40:45 PM -root-ERROR-JournalGO:division by zero
Traceback (most recent call last):
  File "C:/Users/litao/PycharmProjects/HeadToFirst/JournalGO.py", line 845, in <module>
    10 / 0
ZeroDivisionError: division by zero
2018-04-13 16:40:45 PM2018-04-13 16:42:23 PM -root-ERROR-JournalGO:division by zero
Traceback (most recent call last):
  File "C:/Users/litao/PycharmProjects/HeadToFirst/JournalGO.py", line 845, in <module>
    10 / 0
ZeroDivisionError: division by zero
2018-04-13 16:42:23 PM2018-04-13 16:42:52 PM -root-ERROR-JournalGO:division by zero
Traceback (most recent call last):
  File "C:/Users/litao/PycharmProjects/HeadToFirst/JournalGO.py", line 845, in <module>
    10 / 0
ZeroDivisionError: division by zero
2018-04-13 16:42:52 PM2018-04-13 16:43:44 PM -root-ERROR-JournalGO:division by zero
Traceback (most recent call last):
  File "C:/Users/litao/PycharmProjects/HeadToFirst/JournalGO.py", line 845, in <module>
    10 / 0
ZeroDivisionError: division by zero
2018-04-13 16:43:44 PM2018-04-13 16:43:50 PM -root-ERROR-JournalGO:division by zero
Traceback (most recent call last):
  File "C:/Users/litao/PycharmProjects/HeadToFirst/JournalGO.py", line 845, in <module>
    10 / 0
ZeroDivisionError: division by zero
2018-04-13 16:43:50 PM2018-04-13 16:44:20 PM -root-ERROR-JournalGO:division by zero
Traceback (most recent call last):
  File "C:/Users/litao/PycharmProjects/HeadToFirst/JournalGO.py", line 845, in <module>
    10 / 0
ZeroDivisionError: division by zero
2018-04-13 16:44:20 PM2018-04-13 16:44:39 PM -root-ERROR-JournalGO:division by zero
Traceback (most recent call last):
  File "C:/Users/litao/PycharmProjects/HeadToFirst/JournalGO.py", line 845, in <module>
    10 / 0
ZeroDivisionError: division by zero
2018-04-13 16:44:39 PM2018-04-13 18:32:09 PM -root-ERROR-JournalGO:division by zero
Traceback (most recent call last):
  File "C:/Users/litao/PycharmProjects/HeadToFirst/JournalGO.py", line 845, in <module>
    10 / 0
ZeroDivisionError: division by zero

2018-04-13 18:32:09 PM2018-04-13 18:41:40 PM -root-ERROR-JournalGO:division by zero
Traceback (most recent call last):
  File "C:/Users/litao/PycharmProjects/HeadToFirst/JournalGO.py", line 845, in <module>
    10 / 0
ZeroDivisionError: division by zero

2018-04-13 18:41:40 PM2018-04-13 18:42:46 PM -root-ERROR-JournalGO:division by zero
Traceback (most recent call last):
  File "C:/Users/litao/PycharmProjects/HeadToFirst/JournalGO.py", line 845, in <module>
    10 / 0
ZeroDivisionError: division by zero

2018-04-13 18:42:46 PM2018-04-13 18:42:59 PM -root-ERROR-JournalGO:division by zero
Traceback (most recent call last):
  File "C:/Users/litao/PycharmProjects/HeadToFirst/JournalGO.py", line 845, in <module>
    10 / 0
ZeroDivisionError: division by zero

2018-04-13 18:42:59 PM2018-04-13 18:43:24 PM -root-ERROR-JournalGO:division by zero
Traceback (most recent call last):
  File "C:/Users/litao/PycharmProjects/HeadToFirst/JournalGO.py", line 845, in <module>
    10 / 0
ZeroDivisionError: division by zero

2018-04-13 18:43:24 PM2018-04-13 18:44:00 PM -root-ERROR-JournalGO:division by zero
Traceback (most recent call last):
  File "C:/Users/litao/PycharmProjects/HeadToFirst/JournalGO.py", line 845, in <module>
    10 / 0
ZeroDivisionError: division by zero

2018-04-13 18:44:01 PM2018-04-13 18:44:42 PM -root-ERROR-JournalGO:division by zero
Traceback (most recent call last):
  File "C:/Users/litao/PycharmProjects/HeadToFirst/JournalGO.py", line 845, in <module>
    10 / 0
ZeroDivisionError: division by zero

2018-04-13 18:44:42 PM2018-04-13 18:44:48 PM -root-ERROR-JournalGO:division by zero
Traceback (most recent call last):
  File "C:/Users/litao/PycharmProjects/HeadToFirst/JournalGO.py", line 845, in <module>
    10 / 0
ZeroDivisionError: division by zero

2018-04-13 18:44:48 PM2018-04-13 18:56:46 PM -root-ERROR-JournalGO:division by zero
Traceback (most recent call last):
  File "C:/Users/litao/PycharmProjects/HeadToFirst/JournalGO.py", line 845, in <module>
    10 / 0
ZeroDivisionError: division by zero

2018-04-13 18:56:46 PM2018-04-13 18:57:00 PM -root-ERROR-JournalGO:division by zero
Traceback (most recent call last):
  File "C:/Users/litao/PycharmProjects/HeadToFirst/JournalGO.py", line 845, in <module>
    10 / 0
ZeroDivisionError: division by zero

2018-04-13 18:57:00 PM2018-04-13 18:57:22 PM -root-ERROR-JournalGO:division by zero
Traceback (most recent call last):
  File "C:/Users/litao/PycharmProjects/HeadToFirst/JournalGO.py", line 845, in <module>
    10 / 0
ZeroDivisionError: division by zero

2018-04-13 18:57:22 PM2018-04-13 18:58:38 PM -root-ERROR-JournalGO:division by zero
Traceback (most recent call last):
  File "C:/Users/litao/PycharmProjects/HeadToFirst/JournalGO.py", line 845, in <module>
    10 / 0
ZeroDivisionError: division by zero

2018-04-13 18:58:38 PM2018-04-13 18:59:04 PM -root-ERROR-JournalGO:division by zero
Traceback (most recent call last):
  File "C:/Users/litao/PycharmProjects/HeadToFirst/JournalGO.py", line 845, in <module>
    10 / 0
ZeroDivisionError: division by zero

2018-04-13 18:59:04 PM2018-04-13 18:59:11 PM -root-ERROR-JournalGO:division by zero
Traceback (most recent call last):
  File "C:/Users/litao/PycharmProjects/HeadToFirst/JournalGO.py", line 845, in <module>
    10 / 0
ZeroDivisionError: division by zero

2018-04-13 18:59:11 PM2018-04-13 18:59:48 PM -root-ERROR-JournalGO:division by zero
Traceback (most recent call last):
  File "C:/Users/litao/PycharmProjects/HeadToFirst/JournalGO.py", line 845, in <module>
    10 / 0
ZeroDivisionError: division by zero

2018-04-13 18:59:48 PM2018-04-13 19:00:05 PM -root-ERROR-JournalGO:division by zero
Traceback (most recent call last):
  File "C:/Users/litao/PycharmProjects/HeadToFirst/JournalGO.py", line 845, in <module>
    10 / 0
ZeroDivisionError: division by zero

2018-04-13 19:00:05 PM2018-04-13 19:00:15 PM -root-ERROR-JournalGO:division by zero
Traceback (most recent call last):
  File "C:/Users/litao/PycharmProjects/HeadToFirst/JournalGO.py", line 845, in <module>
    10 / 0
ZeroDivisionError: division by zero

2018-04-13 19:00:15 PM2018-04-13 19:00:38 PM -root-ERROR-JournalGO:division by zero
Traceback (most recent call last):
  File "C:/Users/litao/PycharmProjects/HeadToFirst/JournalGO.py", line 845, in <module>
    10 / 0
ZeroDivisionError: division by zero

2018-04-13 19:00:38 PM2018-04-13 19:02:06 PM -root-ERROR-JournalGO:division by zero
Traceback (most recent call last):
  File "C:/Users/litao/PycharmProjects/HeadToFirst/JournalGO.py", line 845, in <module>
    10 / 0
ZeroDivisionError: division by zero

2018-04-13 19:02:06 PM2018-04-13 19:02:13 PM -root-ERROR-JournalGO:division by zero
Traceback (most recent call last):
  File "C:/Users/litao/PycharmProjects/HeadToFirst/JournalGO.py", line 845, in <module>
    10 / 0
ZeroDivisionError: division by zero

2018-04-13 19:02:13 PM2018-04-13 19:03:15 PM -root-ERROR-JournalGO:division by zero
Traceback (most recent call last):
  File "C:/Users/litao/PycharmProjects/HeadToFirst/JournalGO.py", line 845, in <module>
    10 / 0
ZeroDivisionError: division by zero

2018-04-13 19:03:15 PM2018-04-13 19:03:24 PM -root-ERROR-JournalGO:division by zero
Traceback (most recent call last):
  File "C:/Users/litao/PycharmProjects/HeadToFirst/JournalGO.py", line 845, in <module>
    10 / 0
ZeroDivisionError: division by zero

2018-04-13 19:03:24 PM2018-04-13 19:03:32 PM -root-ERROR-JournalGO:division by zero
Traceback (most recent call last):
  File "C:/Users/litao/PycharmProjects/HeadToFirst/JournalGO.py", line 845, in <module>
    10 / 0
ZeroDivisionError: division by zero

2018-04-13 19:03:32 PM2018-04-13 19:11:31 PM -root-ERROR-JournalGO:division by zero
Traceback (most recent call last):
  File "C:/Users/litao/PycharmProjects/HeadToFirst/JournalGO.py", line 845, in <module>
    10 / 0
ZeroDivisionError: division by zero

2018-04-13 19:11:31 PM2018-04-13 19:12:53 PM -root-ERROR-JournalGO:division by zero
Traceback (most recent call last):
  File "C:/Users/litao/PycharmProjects/HeadToFirst/JournalGO.py", line 845, in <module>
    10 / 0
ZeroDivisionError: division by zero

2018-04-13 19:12:53 PM2018-04-13 19:15:45 PM -root-ERROR-JournalGO:division by zero
Traceback (most recent call last):
  File "C:/Users/litao/PycharmProjects/HeadToFirst/JournalGO.py", line 845, in <module>
    10 / 0
ZeroDivisionError: division by zero

2018-04-13 19:15:45 PM2018-04-13 19:16:40 PM -root-ERROR-JournalGO:division by zero
Traceback (most recent call last):
  File "C:/Users/litao/PycharmProjects/HeadToFirst/JournalGO.py", line 845, in <module>
    10 / 0
ZeroDivisionError: division by zero

2018-04-13 19:16:40 PM2018-04-13 19:17:21 PM -root-ERROR-JournalGO:division by zero
Traceback (most recent call last):
  File "C:/Users/litao/PycharmProjects/HeadToFirst/JournalGO.py", line 845, in <module>
    10 / 0
ZeroDivisionError: division by zero

2018-04-13 19:17:21 PM2018-04-13 19:17:38 PM -root-ERROR-JournalGO:division by zero
Traceback (most recent call last):
  File "C:/Users/litao/PycharmProjects/HeadToFirst/JournalGO.py", line 845, in <module>
    10 / 0
ZeroDivisionError: division by zero

2018-04-13 19:17:38 PM2018-04-13 19:18:03 PM -root-ERROR-JournalGO:division by zero
Traceback (most recent call last):
  File "C:/Users/litao/PycharmProjects/HeadToFirst/JournalGO.py", line 845, in <module>
    10 / 0
ZeroDivisionError: division by zero

2018-04-13 19:18:03 PM2018-04-13 19:22:26 PM -root-ERROR-JournalGO:division by zero
Traceback (most recent call last):
  File "C:/Users/litao/PycharmProjects/HeadToFirst/JournalGO.py", line 845, in <module>
    10 / 0
ZeroDivisionError: division by zero

2018-04-13 19:22:26 PM2018-04-13 19:22:54 PM -root-ERROR-JournalGO:division by zero
Traceback (most recent call last):
  File "C:/Users/litao/PycharmProjects/HeadToFirst/JournalGO.py", line 845, in <module>
    10 / 0
ZeroDivisionError: division by zero

2018-04-13 19:22:54 PM2018-04-13 19:23:51 PM -root-ERROR-JournalGO:division by zero
Traceback (most recent call last):
  File "C:/Users/litao/PycharmProjects/HeadToFirst/JournalGO.py", line 845, in <module>
    10 / 0
ZeroDivisionError: division by zero

2018-04-13 19:23:51 PM2018-04-13 19:24:13 PM -root-ERROR-JournalGO:division by zero
Traceback (most recent call last):
  File "C:/Users/litao/PycharmProjects/HeadToFirst/JournalGO.py", line 845, in <module>
    10 / 0
ZeroDivisionError: division by zero

2018-04-13 19:24:13 PM2018-04-13 19:25:24 PM -root-ERROR-JournalGO:division by zero
Traceback (most recent call last):
  File "C:/Users/litao/PycharmProjects/HeadToFirst/JournalGO.py", line 845, in <module>
    10 / 0
ZeroDivisionError: division by zero

2018-04-13 19:25:24 PM2018-04-13 19:27:57 PM -root-ERROR-JournalGO:division by zero
Traceback (most recent call last):
  File "C:/Users/litao/PycharmProjects/HeadToFirst/JournalGO.py", line 845, in <module>
    10 / 0
ZeroDivisionError: division by zero

2018-04-13 19:27:57 PM2018-04-13 19:29:00 PM -root-ERROR-JournalGO:division by zero
Traceback (most recent call last):
  File "C:/Users/litao/PycharmProjects/HeadToFirst/JournalGO.py", line 845, in <module>
    10 / 0
ZeroDivisionError: division by zero

2018-04-13 19:29:00 PM2018-04-13 19:29:11 PM -root-ERROR-JournalGO:division by zero
Traceback (most recent call last):
  File "C:/Users/litao/PycharmProjects/HeadToFirst/JournalGO.py", line 845, in <module>
    10 / 0
ZeroDivisionError: division by zero

2018-04-13 19:29:11 PM2018-04-13 19:29:24 PM -root-ERROR-JournalGO:division by zero
Traceback (most recent call last):
  File "C:/Users/litao/PycharmProjects/HeadToFirst/JournalGO.py", line 845, in <module>
    10 / 0
ZeroDivisionError: division by zero

2018-04-13 19:29:24 PM2018-04-16 15:53:05 PM -root-ERROR-JournalGO:division by zero
Traceback (most recent call last):
  File "C:/Users/litao/PycharmProjects/HeadToFirst/JournalGO.py", line 845, in <module>
    10 / 0
ZeroDivisionError: division by zero

2018-04-16 15:53:05 PM2018-04-16 15:55:15 PM -root-ERROR-JournalGO:division by zero
Traceback (most recent call last):
  File "C:/Users/litao/PycharmProjects/HeadToFirst/JournalGO.py", line 848, in <module>
    10 / 0
ZeroDivisionError: division by zero

2018-04-16 15:55:15 PM2018-04-16 15:55:57 PM -root-ERROR-JournalGO:division by zero
Traceback (most recent call last):
  File "C:/Users/litao/PycharmProjects/HeadToFirst/JournalGO.py", line 849, in <module>
    10 / 0
ZeroDivisionError: division by zero

2018-04-16 15:55:57 PM2018-04-16 15:57:08 PM -root-ERROR-JournalGO:division by zero
Traceback (most recent call last):
  File "C:/Users/litao/PycharmProjects/HeadToFirst/JournalGO.py", line 849, in <module>
    10 / 0
ZeroDivisionError: division by zero

2018-04-16 15:57:08 PM2018-04-16 15:58:12 PM -root-ERROR-JournalGO:division by zero
Traceback (most recent call last):
  File "C:/Users/litao/PycharmProjects/HeadToFirst/JournalGO.py", line 850, in <module>
    10 / 0
ZeroDivisionError: division by zero

2018-04-16 15:58:12 PM2018-04-16 15:58:42 PM -root-ERROR-JournalGO:division by zero
Traceback (most recent call last):
  File "C:/Users/litao/PycharmProjects/HeadToFirst/JournalGO.py", line 851, in <module>
    10 / 0
ZeroDivisionError: division by zero

2018-04-16 15:58:42 PM2018-04-16 15:59:25 PM -root-ERROR-JournalGO:division by zero
Traceback (most recent call last):
  File "C:/Users/litao/PycharmProjects/HeadToFirst/JournalGO.py", line 852, in <module>
    10 / 0
ZeroDivisionError: division by zero

2018-04-16 15:59:25 PM2018-04-16 15:59:53 PM -root-ERROR-JournalGO:division by zero
Traceback (most recent call last):
  File "C:/Users/litao/PycharmProjects/HeadToFirst/JournalGO.py", line 852, in <module>
    10 / 0
ZeroDivisionError: division by zero

2018-04-16 15:59:53 PM2018-04-18 19:12:58 PM -root-ERROR-JournalGO:division by zero
Traceback (most recent call last):
  File "C:/Users/litao/PycharmProjects/HeadToFirst/JournalGO.py", line 852, in <module>
    10 / 0
ZeroDivisionError: division by zero

2018-04-18 19:12:58 PM2018-04-18 19:15:33 PM -root-ERROR-JournalGO:division by zero
Traceback (most recent call last):
  File "C:/Users/litao/PycharmProjects/HeadToFirst/JournalGO.py", line 852, in <module>
    10 / 0
ZeroDivisionError: division by zero

2018-04-18 19:15:33 PM2018-04-19 09:49:12 AM -root-ERROR-JournalGO:division by zero
Traceback (most recent call last):
  File "C:/Users/litao/PycharmProjects/HeadToFirst/JournalGO.py", line 852, in <module>
    10 / 0
ZeroDivisionError: division by zero

2018-04-19 09:49:12 AM2018-04-19 09:59:21 AM -root-ERROR-JournalGO:division by zero
Traceback (most recent call last):
  File "C:/Users/litao/PycharmProjects/HeadToFirst/JournalGO.py", line 852, in <module>
    10 / 0
ZeroDivisionError: division by zero

2018-04-19 09:59:21 AM2018-04-19 09:59:23 AM -root-ERROR-JournalGO:division by zero
Traceback (most recent call last):
  File "C:\Users\litao\PycharmProjects\HeadToFirst\JournalGO.py", line 852, in <module>
    10 / 0
ZeroDivisionError: division by zero

2018-04-19 09:59:23 AM2018-04-19 10:00:08 AM -root-ERROR-JournalGO:division by zero
Traceback (most recent call last):
  File "C:/Users/litao/PycharmProjects/HeadToFirst/JournalGO.py", line 852, in <module>
    10 / 0
ZeroDivisionError: division by zero

2018-04-19 10:00:08 AM2018-04-19 10:00:09 AM -root-ERROR-JournalGO:division by zero
Traceback (most recent call last):
  File "C:\Users\litao\PycharmProjects\HeadToFirst\JournalGO.py", line 852, in <module>
    10 / 0
ZeroDivisionError: division by zero

2018-04-19 10:00:09 AM2018-04-20 16:57:42 PM -root-ERROR-JournalGO:division by zero
Traceback (most recent call last):
  File "C:/Users/litao/PycharmProjects/HeadToFirst/JournalGO.py", line 852, in <module>
    10 / 0
ZeroDivisionError: division by zero

2018-04-20 16:57:42 PM2018-04-20 16:57:44 PM -root-ERROR-JournalGO:division by zero
Traceback (most recent call last):
  File "C:\Users\litao\PycharmProjects\HeadToFirst\JournalGO.py", line 852, in <module>
    10 / 0
ZeroDivisionError: division by zero

2018-04-20 16:57:44 PM2018-05-09 00:58:16 AM -root-ERROR-JournalGO:division by zero
Traceback (most recent call last):
  File "G:/pycharmprojects/python/JournalGO.py", line 852, in <module>
    10 / 0
ZeroDivisionError: division by zero

2018-05-09 00:58:16 AM2018-05-09 00:59:06 AM -root-ERROR-JournalGO:division by zero
Traceback (most recent call last):
  File "G:/pycharmprojects/python/JournalGO.py", line 852, in <module>
    10 / 0
ZeroDivisionError: division by zero

2018-05-09 00:59:06 AM2018-05-09 00:59:44 AM -root-ERROR-JournalGO:division by zero
Traceback (most recent call last):
  File "G:/pycharmprojects/python/JournalGO.py", line 852, in <module>
    10 / 0
ZeroDivisionError: division by zero

2018-05-09 00:59:44 AM2018-05-09 01:00:12 AM -root-ERROR-JournalGO:division by zero
Traceback (most recent call last):
  File "G:/pycharmprojects/python/JournalGO.py", line 852, in <module>
    10 / 0
ZeroDivisionError: division by zero

2018-05-09 01:00:12 AM2018-05-09 01:00:12 AM -root-ERROR-JournalGO:division by zero
Traceback (most recent call last):
  File "G:\pycharmprojects\python\JournalGO.py", line 852, in <module>
    10 / 0
ZeroDivisionError: division by zero

2018-05-09 01:00:12 AM